# JRE version: OpenJDK Runtime Environment Temurin-21.0.8+9 (21.0.8+9) (build 21.0.8+9-LTS)
# Java VM: OpenJDK 64-Bit Server VM Temurin-21.0.8+9 (21.0.8+9-LTS, mixed mode, sharing, tiered, compressed oops, compressed class ptrs, parallel gc, windows-amd64)
GC Precious Log:
 CardTable entry size: 512
 CPUs: 12 total, 12 available
 Memory: 5896M
 Large Page Support: Disabled
 NUMA Support: Disabled
 Compressed Oops: Enabled (32-bit)
 Alignments: Space 512K, Generation 512K, Heap 2M
 Heap Min Capacity: 100M
 Heap Initial Capacity: 100M
 Heap Max Capacity: 2G
 Pre-touch: Disabled
 Parallel Workers: 10
Heap:
 PSYoungGen      total 18432K, used 1069K [0x00000000d5580000, 0x00000000d6900000, 0x0000000100000000)
  eden space 17408K, 6% used [0x00000000d5580000,0x00000000d568b440,0x00000000d6680000)
  from space 1024K, 0% used [0x00000000d6700000,0x00000000d6700000,0x00000000d6800000)
  to   space 1024K, 0% used [0x00000000d6800000,0x00000000d6800000,0x00000000d6900000)
 ParOldGen       total 68608K, used 38783K [0x0000000080000000, 0x0000000084300000, 0x00000000d5580000)
  object space 68608K, 56% used [0x0000000080000000,0x00000000825dfc78,0x0000000084300000)
 Metaspace       used 58598K, committed 60352K, reserved 1114112K
  class space    used 6270K, committed 6976K, reserved 1048576K
GC Heap History (20 events):
Event: 23.218 GC heap before
{Heap before GC invocations=39 (full 2):
 PSYoungGen      total 19456K, used 19359K [0x00000000d5580000, 0x00000000d6a80000, 0x0000000100000000)
  eden space 18944K, 100% used [0x00000000d5580000,0x00000000d6800000,0x00000000d6800000)
  from space 512K, 81% used [0x00000000d6a00000,0x00000000d6a67d30,0x00000000d6a80000)
  to   space 512K, 0% used [0x00000000d6900000,0x00000000d6900000,0x00000000d6980000)
 ParOldGen       total 68608K, used 45773K [0x0000000080000000, 0x0000000084300000, 0x00000000d5580000)
  object space 68608K, 66% used [0x0000000080000000,0x0000000082cb36f0,0x0000000084300000)
 Metaspace       used 52247K, committed 53696K, reserved 1114112K
  class space    used 5684K, committed 6336K, reserved 1048576K
}
Event: 23.220 GC heap after
{Heap after GC invocations=39 (full 2):
 PSYoungGen      total 19456K, used 482K [0x00000000d5580000, 0x00000000d6b00000, 0x0000000100000000)
  eden space 18944K, 0% used [0x00000000d5580000,0x00000000d5580000,0x00000000d6800000)
  from space 512K, 94% used [0x00000000d6900000,0x00000000d69789a8,0x00000000d6980000)
  to   space 1536K, 0% used [0x00000000d6980000,0x00000000d6980000,0x00000000d6b00000)
 ParOldGen       total 68608K, used 46272K [0x0000000080000000, 0x0000000084300000, 0x00000000d5580000)
  object space 68608K, 67% used [0x0000000080000000,0x0000000082d30188,0x0000000084300000)
 Metaspace       used 52247K, committed 53696K, reserved 1114112K
  class space    used 5684K, committed 6336K, reserved 1048576K
}
Event: 23.246 GC heap before
{Heap before GC invocations=40 (full 2):
 PSYoungGen      total 19456K, used 19426K [0x00000000d5580000, 0x00000000d6b00000, 0x0000000100000000)
  eden space 18944K, 100% used [0x00000000d5580000,0x00000000d6800000,0x00000000d6800000)
  from space 512K, 94% used [0x00000000d6900000,0x00000000d69789a8,0x00000000d6980000)
  to   space 1536K, 0% used [0x00000000d6980000,0x00000000d6980000,0x00000000d6b00000)
 ParOldGen       total 68608K, used 46272K [0x0000000080000000, 0x0000000084300000, 0x00000000d5580000)
  object space 68608K, 67% used [0x0000000080000000,0x0000000082d30188,0x0000000084300000)
 Metaspace       used 52254K, committed 53696K, reserved 1114112K
  class space    used 5684K, committed 6336K, reserved 1048576K
}
Event: 23.247 GC heap after
{Heap after GC invocations=40 (full 2):
 PSYoungGen      total 19968K, used 798K [0x00000000d5580000, 0x00000000d6a80000, 0x0000000100000000)
  eden space 18944K, 0% used [0x00000000d5580000,0x00000000d5580000,0x00000000d6800000)
  from space 1024K, 78% used [0x00000000d6980000,0x00000000d6a47af8,0x00000000d6a80000)
  to   space 1024K, 0% used [0x00000000d6880000,0x00000000d6880000,0x00000000d6980000)
 ParOldGen       total 68608K, used 46570K [0x0000000080000000, 0x0000000084300000, 0x00000000d5580000)
  object space 68608K, 67% used [0x0000000080000000,0x0000000082d7aa98,0x0000000084300000)
 Metaspace       used 52254K, committed 53696K, reserved 1114112K
  class space    used 5684K, committed 6336K, reserved 1048576K
}
Event: 23.311 GC heap before
{Heap before GC invocations=41 (full 2):
 PSYoungGen      total 19968K, used 19742K [0x00000000d5580000, 0x00000000d6a80000, 0x0000000100000000)
  eden space 18944K, 100% used [0x00000000d5580000,0x00000000d6800000,0x00000000d6800000)
  from space 1024K, 78% used [0x00000000d6980000,0x00000000d6a47af8,0x00000000d6a80000)
  to   space 1024K, 0% used [0x00000000d6880000,0x00000000d6880000,0x00000000d6980000)
 ParOldGen       total 68608K, used 46570K [0x0000000080000000, 0x0000000084300000, 0x00000000d5580000)
  object space 68608K, 67% used [0x0000000080000000,0x0000000082d7aa98,0x0000000084300000)
 Metaspace       used 52400K, committed 53824K, reserved 1114112K
  class space    used 5693K, committed 6336K, reserved 1048576K
}
Event: 23.312 GC heap after
{Heap after GC invocations=41 (full 2):
 PSYoungGen      total 19456K, used 512K [0x00000000d5580000, 0x00000000d6a00000, 0x0000000100000000)
  eden space 18944K, 0% used [0x00000000d5580000,0x00000000d5580000,0x00000000d6800000)
  from space 512K, 100% used [0x00000000d6880000,0x00000000d6900000,0x00000000d6900000)
  to   space 1024K, 0% used [0x00000000d6900000,0x00000000d6900000,0x00000000d6a00000)
 ParOldGen       total 68608K, used 47010K [0x0000000080000000, 0x0000000084300000, 0x00000000d5580000)
  object space 68608K, 68% used [0x0000000080000000,0x0000000082de8a98,0x0000000084300000)
 Metaspace       used 52400K, committed 53824K, reserved 1114112K
  class space    used 5693K, committed 6336K, reserved 1048576K
}
Event: 23.526 GC heap before
{Heap before GC invocations=42 (full 2):
 PSYoungGen      total 19456K, used 19456K [0x00000000d5580000, 0x00000000d6a00000, 0x0000000100000000)
  eden space 18944K, 100% used [0x00000000d5580000,0x00000000d6800000,0x00000000d6800000)
  from space 512K, 100% used [0x00000000d6880000,0x00000000d6900000,0x00000000d6900000)
  to   space 1024K, 0% used [0x00000000d6900000,0x00000000d6900000,0x00000000d6a00000)
 ParOldGen       total 68608K, used 47010K [0x0000000080000000, 0x0000000084300000, 0x00000000d5580000)
  object space 68608K, 68% used [0x0000000080000000,0x0000000082de8a98,0x0000000084300000)
 Metaspace       used 54082K, committed 55488K, reserved 1114112K
  class space    used 5914K, committed 6528K, reserved 1048576K
}
Event: 23.527 GC heap after
{Heap after GC invocations=42 (full 2):
 PSYoungGen      total 19968K, used 709K [0x00000000d5580000, 0x00000000d6a00000, 0x0000000100000000)
  eden space 18944K, 0% used [0x00000000d5580000,0x00000000d5580000,0x00000000d6800000)
  from space 1024K, 69% used [0x00000000d6900000,0x00000000d69b17e8,0x00000000d6a00000)
  to   space 1024K, 0% used [0x00000000d6800000,0x00000000d6800000,0x00000000d6900000)
 ParOldGen       total 68608K, used 47338K [0x0000000080000000, 0x0000000084300000, 0x00000000d5580000)
  object space 68608K, 68% used [0x0000000080000000,0x0000000082e3aa98,0x0000000084300000)
 Metaspace       used 54082K, committed 55488K, reserved 1114112K
  class space    used 5914K, committed 6528K, reserved 1048576K
}
Event: 23.695 GC heap before
{Heap before GC invocations=43 (full 2):
 PSYoungGen      total 19968K, used 19653K [0x00000000d5580000, 0x00000000d6a00000, 0x0000000100000000)
  eden space 18944K, 100% used [0x00000000d5580000,0x00000000d6800000,0x00000000d6800000)
  from space 1024K, 69% used [0x00000000d6900000,0x00000000d69b17e8,0x00000000d6a00000)
  to   space 1024K, 0% used [0x00000000d6800000,0x00000000d6800000,0x00000000d6900000)
 ParOldGen       total 68608K, used 47338K [0x0000000080000000, 0x0000000084300000, 0x00000000d5580000)
  object space 68608K, 68% used [0x0000000080000000,0x0000000082e3aa98,0x0000000084300000)
 Metaspace       used 55091K, committed 56576K, reserved 1114112K
  class space    used 6052K, committed 6720K, reserved 1048576K
}
Event: 23.696 GC heap after
{Heap after GC invocations=43 (full 2):
 PSYoungGen      total 19968K, used 560K [0x00000000d5580000, 0x00000000d6a00000, 0x0000000100000000)
  eden space 18944K, 0% used [0x00000000d5580000,0x00000000d5580000,0x00000000d6800000)
  from space 1024K, 54% used [0x00000000d6800000,0x00000000d688c170,0x00000000d6900000)
  to   space 1024K, 0% used [0x00000000d6900000,0x00000000d6900000,0x00000000d6a00000)
 ParOldGen       total 68608K, used 47916K [0x0000000080000000, 0x0000000084300000, 0x00000000d5580000)
  object space 68608K, 69% used [0x0000000080000000,0x0000000082ecb108,0x0000000084300000)
 Metaspace       used 55091K, committed 56576K, reserved 1114112K
  class space    used 6052K, committed 6720K, reserved 1048576K
}
Event: 23.857 GC heap before
{Heap before GC invocations=44 (full 2):
 PSYoungGen      total 19968K, used 19504K [0x00000000d5580000, 0x00000000d6a00000, 0x0000000100000000)
  eden space 18944K, 100% used [0x00000000d5580000,0x00000000d6800000,0x00000000d6800000)
  from space 1024K, 54% used [0x00000000d6800000,0x00000000d688c170,0x00000000d6900000)
  to   space 1024K, 0% used [0x00000000d6900000,0x00000000d6900000,0x00000000d6a00000)
 ParOldGen       total 68608K, used 47916K [0x0000000080000000, 0x0000000084300000, 0x00000000d5580000)
  object space 68608K, 69% used [0x0000000080000000,0x0000000082ecb108,0x0000000084300000)
 Metaspace       used 56765K, committed 58240K, reserved 1114112K
  class space    used 6178K, committed 6848K, reserved 1048576K
}
Event: 23.859 GC heap after
{Heap after GC invocations=44 (full 2):
 PSYoungGen      total 18432K, used 1021K [0x00000000d5580000, 0x00000000d6d00000, 0x0000000100000000)
  eden space 17408K, 0% used [0x00000000d5580000,0x00000000d5580000,0x00000000d6680000)
  from space 1024K, 99% used [0x00000000d6900000,0x00000000d69ff658,0x00000000d6a00000)
  to   space 2560K, 0% used [0x00000000d6680000,0x00000000d6680000,0x00000000d6900000)
 ParOldGen       total 68608K, used 48754K [0x0000000080000000, 0x0000000084300000, 0x00000000d5580000)
  object space 68608K, 71% used [0x0000000080000000,0x0000000082f9cbb8,0x0000000084300000)
 Metaspace       used 56765K, committed 58240K, reserved 1114112K
  class space    used 6178K, committed 6848K, reserved 1048576K
}
Event: 23.882 GC heap before
{Heap before GC invocations=45 (full 2):
 PSYoungGen      total 18432K, used 18429K [0x00000000d5580000, 0x00000000d6d00000, 0x0000000100000000)
  eden space 17408K, 100% used [0x00000000d5580000,0x00000000d6680000,0x00000000d6680000)
  from space 1024K, 99% used [0x00000000d6900000,0x00000000d69ff658,0x00000000d6a00000)
  to   space 2560K, 0% used [0x00000000d6680000,0x00000000d6680000,0x00000000d6900000)
 ParOldGen       total 68608K, used 48754K [0x0000000080000000, 0x0000000084300000, 0x00000000d5580000)
  object space 68608K, 71% used [0x0000000080000000,0x0000000082f9cbb8,0x0000000084300000)
 Metaspace       used 56785K, committed 58240K, reserved 1114112K
  class space    used 6178K, committed 6848K, reserved 1048576K
}
Event: 23.883 GC heap after
{Heap after GC invocations=45 (full 2):
 PSYoungGen      total 19456K, used 1560K [0x00000000d5580000, 0x00000000d6a80000, 0x0000000100000000)
  eden space 17408K, 0% used [0x00000000d5580000,0x00000000d5580000,0x00000000d6680000)
  from space 2048K, 76% used [0x00000000d6680000,0x00000000d6806198,0x00000000d6880000)
  to   space 2048K, 0% used [0x00000000d6880000,0x00000000d6880000,0x00000000d6a80000)
 ParOldGen       total 68608K, used 50072K [0x0000000080000000, 0x0000000084300000, 0x00000000d5580000)
  object space 68608K, 72% used [0x0000000080000000,0x00000000830e63f0,0x0000000084300000)
 Metaspace       used 56785K, committed 58240K, reserved 1114112K
  class space    used 6178K, committed 6848K, reserved 1048576K
}
Event: 23.900 GC heap before
{Heap before GC invocations=46 (full 2):
 PSYoungGen      total 19456K, used 18968K [0x00000000d5580000, 0x00000000d6a80000, 0x0000000100000000)
  eden space 17408K, 100% used [0x00000000d5580000,0x00000000d6680000,0x00000000d6680000)
  from space 2048K, 76% used [0x00000000d6680000,0x00000000d6806198,0x00000000d6880000)
  to   space 2048K, 0% used [0x00000000d6880000,0x00000000d6880000,0x00000000d6a80000)
 ParOldGen       total 68608K, used 50072K [0x0000000080000000, 0x0000000084300000, 0x00000000d5580000)
  object space 68608K, 72% used [0x0000000080000000,0x00000000830e63f0,0x0000000084300000)
 Metaspace       used 57043K, committed 58496K, reserved 1114112K
  class space    used 6190K, committed 6848K, reserved 1048576K
}
Event: 23.901 GC heap after
{Heap after GC invocations=46 (full 2):
 PSYoungGen      total 17920K, used 192K [0x00000000d5580000, 0x00000000d6900000, 0x0000000100000000)
  eden space 17408K, 0% used [0x00000000d5580000,0x00000000d5580000,0x00000000d6680000)
  from space 512K, 37% used [0x00000000d6880000,0x00000000d68b0000,0x00000000d6900000)
  to   space 1024K, 0% used [0x00000000d6700000,0x00000000d6700000,0x00000000d6800000)
 ParOldGen       total 68608K, used 50281K [0x0000000080000000, 0x0000000084300000, 0x00000000d5580000)
  object space 68608K, 73% used [0x0000000080000000,0x000000008311a700,0x0000000084300000)
 Metaspace       used 57043K, committed 58496K, reserved 1114112K
  class space    used 6190K, committed 6848K, reserved 1048576K
}
Event: 6224.828 GC heap before
{Heap before GC invocations=47 (full 2):
 PSYoungGen      total 17920K, used 13637K [0x00000000d5580000, 0x00000000d6900000, 0x0000000100000000)
  eden space 17408K, 77% used [0x00000000d5580000,0x00000000d62a1500,0x00000000d6680000)
  from space 512K, 37% used [0x00000000d6880000,0x00000000d68b0000,0x00000000d6900000)
  to   space 1024K, 0% used [0x00000000d6700000,0x00000000d6700000,0x00000000d6800000)
 ParOldGen       total 68608K, used 50281K [0x0000000080000000, 0x0000000084300000, 0x00000000d5580000)
  object space 68608K, 73% used [0x0000000080000000,0x000000008311a700,0x0000000084300000)
 Metaspace       used 58901K, committed 60288K, reserved 1114112K
  class space    used 6370K, committed 6976K, reserved 1048576K
}
Event: 6224.898 GC heap after
{Heap after GC invocations=47 (full 2):
 PSYoungGen      total 18432K, used 800K [0x00000000d5580000, 0x00000000d6900000, 0x0000000100000000)
  eden space 17408K, 0% used [0x00000000d5580000,0x00000000d5580000,0x00000000d6680000)
  from space 1024K, 78% used [0x00000000d6700000,0x00000000d67c8020,0x00000000d6800000)
  to   space 1024K, 0% used [0x00000000d6800000,0x00000000d6800000,0x00000000d6900000)
 ParOldGen       total 68608K, used 50313K [0x0000000080000000, 0x0000000084300000, 0x00000000d5580000)
  object space 68608K, 73% used [0x0000000080000000,0x0000000083122700,0x0000000084300000)
 Metaspace       used 58901K, committed 60288K, reserved 1114112K
  class space    used 6370K, committed 6976K, reserved 1048576K
}
Event: 6224.898 GC heap before
{Heap before GC invocations=48 (full 3):
 PSYoungGen      total 18432K, used 800K [0x00000000d5580000, 0x00000000d6900000, 0x0000000100000000)
  eden space 17408K, 0% used [0x00000000d5580000,0x00000000d5580000,0x00000000d6680000)
  from space 1024K, 78% used [0x00000000d6700000,0x00000000d67c8020,0x00000000d6800000)
  to   space 1024K, 0% used [0x00000000d6800000,0x00000000d6800000,0x00000000d6900000)
 ParOldGen       total 68608K, used 50313K [0x0000000080000000, 0x0000000084300000, 0x00000000d5580000)
  object space 68608K, 73% used [0x0000000080000000,0x0000000083122700,0x0000000084300000)
 Metaspace       used 58901K, committed 60288K, reserved 1114112K
  class space    used 6370K, committed 6976K, reserved 1048576K
}
Event: 6226.797 GC heap after
{Heap after GC invocations=48 (full 3):
 PSYoungGen      total 18432K, used 0K [0x00000000d5580000, 0x00000000d6900000, 0x0000000100000000)
  eden space 17408K, 0% used [0x00000000d5580000,0x00000000d5580000,0x00000000d6680000)
  from space 1024K, 0% used [0x00000000d6700000,0x00000000d6700000,0x00000000d6800000)
  to   space 1024K, 0% used [0x00000000d6800000,0x00000000d6800000,0x00000000d6900000)
 ParOldGen       total 68608K, used 38783K [0x0000000080000000, 0x0000000084300000, 0x00000000d5580000)
  object space 68608K, 56% used [0x0000000080000000,0x00000000825dfc78,0x0000000084300000)
 Metaspace       used 58456K, committed 60288K, reserved 1114112K
  class space    used 6258K, committed 6976K, reserved 1048576K
}

